# JRE version: OpenJDK Runtime Environment (8.0_152-b28) (build 1.8.0_152-release-1343-b28)
# Java VM: OpenJDK 64-Bit Server VM (25.152-b28 mixed mode linux-amd64 compressed oops)
Heap:
 par new generation   total 39296K, used 2778K [0x00000000d1200000, 0x00000000d3ca0000, 0x00000000e0c00000)
  eden space 34944K,   4% used [0x00000000d1200000, 0x00000000d138df10, 0x00000000d3420000)
  from space 4352K,  27% used [0x00000000d3860000, 0x00000000d3988ae8, 0x00000000d3ca0000)
  to   space 4352K,   0% used [0x00000000d3420000, 0x00000000d3420000, 0x00000000d3860000)
 concurrent mark-sweep generation total 163540K, used 137709K [0x00000000e0c00000, 0x00000000eabb5000, 0x0000000100000000)
 Metaspace       used 167084K, capacity 177159K, committed 177988K, reserved 1206272K
  class space    used 19688K, capacity 21421K, committed 21592K, reserved 1048576K
GC Heap History (10 events):
Event: 25283.212 GC heap before
{Heap before GC invocations=526 (full 58):
 par new generation   total 39296K, used 37032K [0x00000000d1200000, 0x00000000d3ca0000, 0x00000000e0c00000)
  eden space 34944K, 100% used [0x00000000d1200000, 0x00000000d3420000, 0x00000000d3420000)
  from space 4352K,  47% used [0x00000000d3420000, 0x00000000d362a0a0, 0x00000000d3860000)
  to   space 4352K,   0% used [0x00000000d3860000, 0x00000000d3860000, 0x00000000d3ca0000)
 concurrent mark-sweep generation total 163540K, used 133635K [0x00000000e0c00000, 0x00000000eabb5000, 0x0000000100000000)
 Metaspace       used 166885K, capacity 176797K, committed 177988K, reserved 1206272K
  class space    used 19658K, capacity 21380K, committed 21592K, reserved 1048576K
Event: 25283.224 GC heap after
Heap after GC invocations=527 (full 58):
 par new generation   total 39296K, used 4352K [0x00000000d1200000, 0x00000000d3ca0000, 0x00000000e0c00000)
  eden space 34944K,   0% used [0x00000000d1200000, 0x00000000d1200000, 0x00000000d3420000)
  from space 4352K, 100% used [0x00000000d3860000, 0x00000000d3ca0000, 0x00000000d3ca0000)
  to   space 4352K,   0% used [0x00000000d3420000, 0x00000000d3420000, 0x00000000d3860000)
 concurrent mark-sweep generation total 163540K, used 136712K [0x00000000e0c00000, 0x00000000eabb5000, 0x0000000100000000)
 Metaspace       used 166885K, capacity 176797K, committed 177988K, reserved 1206272K
  class space    used 19658K, capacity 21380K, committed 21592K, reserved 1048576K
}
Event: 25284.734 GC heap before
{Heap before GC invocations=527 (full 58):
 par new generation   total 39296K, used 39296K [0x00000000d1200000, 0x00000000d3ca0000, 0x00000000e0c00000)
  eden space 34944K, 100% used [0x00000000d1200000, 0x00000000d3420000, 0x00000000d3420000)
  from space 4352K, 100% used [0x00000000d3860000, 0x00000000d3ca0000, 0x00000000d3ca0000)
  to   space 4352K,   0% used [0x00000000d3420000, 0x00000000d3420000, 0x00000000d3860000)
 concurrent mark-sweep generation total 163540K, used 136712K [0x00000000e0c00000, 0x00000000eabb5000, 0x0000000100000000)
 Metaspace       used 166893K, capacity 176797K, committed 177988K, reserved 1206272K
  class space    used 19658K, capacity 21380K, committed 21592K, reserved 1048576K
Event: 25284.739 GC heap after
Heap after GC invocations=528 (full 58):
 par new generation   total 39296K, used 3088K [0x00000000d1200000, 0x00000000d3ca0000, 0x00000000e0c00000)
  eden space 34944K,   0% used [0x00000000d1200000, 0x00000000d1200000, 0x00000000d3420000)
  from space 4352K,  70% used [0x00000000d3420000, 0x00000000d3724200, 0x00000000d3860000)
  to   space 4352K,   0% used [0x00000000d3860000, 0x00000000d3860000, 0x00000000d3ca0000)
 concurrent mark-sweep generation total 163540K, used 137709K [0x00000000e0c00000, 0x00000000eabb5000, 0x0000000100000000)
 Metaspace       used 166893K, capacity 176797K, committed 177988K, reserved 1206272K
  class space    used 19658K, capacity 21380K, committed 21592K, reserved 1048576K
}
Event: 25887.050 GC heap before
{Heap before GC invocations=528 (full 58):
 par new generation   total 39296K, used 38032K [0x00000000d1200000, 0x00000000d3ca0000, 0x00000000e0c00000)
  eden space 34944K, 100% used [0x00000000d1200000, 0x00000000d3420000, 0x00000000d3420000)
  from space 4352K,  70% used [0x00000000d3420000, 0x00000000d3724200, 0x00000000d3860000)
  to   space 4352K,   0% used [0x00000000d3860000, 0x00000000d3860000, 0x00000000d3ca0000)
 concurrent mark-sweep generation total 163540K, used 137709K [0x00000000e0c00000, 0x00000000eabb5000, 0x0000000100000000)
 Metaspace       used 166894K, capacity 176797K, committed 177988K, reserved 1206272K
  class space    used 19658K, capacity 21380K, committed 21592K, reserved 1048576K
Event: 25887.055 GC heap after
Heap after GC invocations=529 (full 58):
 par new generation   total 39296K, used 1622K [0x00000000d1200000, 0x00000000d3ca0000, 0x00000000e0c00000)
  eden space 34944K,   0% used [0x00000000d1200000, 0x00000000d1200000, 0x00000000d3420000)
  from space 4352K,  37% used [0x00000000d3860000, 0x00000000d39f5810, 0x00000000d3ca0000)
  to   space 4352K,   0% used [0x00000000d3420000, 0x00000000d3420000, 0x00000000d3860000)
 concurrent mark-sweep generation total 163540K, used 137709K [0x00000000e0c00000, 0x00000000eabb5000, 0x0000000100000000)
 Metaspace       used 166894K, capacity 176797K, committed 177988K, reserved 1206272K
  class space    used 19658K, capacity 21380K, committed 21592K, reserved 1048576K
}
Event: 28189.550 GC heap before
{Heap before GC invocations=529 (full 58):
 par new generation   total 39296K, used 36566K [0x00000000d1200000, 0x00000000d3ca0000, 0x00000000e0c00000)
  eden space 34944K, 100% used [0x00000000d1200000, 0x00000000d3420000, 0x00000000d3420000)
  from space 4352K,  37% used [0x00000000d3860000, 0x00000000d39f5810, 0x00000000d3ca0000)
  to   space 4352K,   0% used [0x00000000d3420000, 0x00000000d3420000, 0x00000000d3860000)
 concurrent mark-sweep generation total 163540K, used 137709K [0x00000000e0c00000, 0x00000000eabb5000, 0x0000000100000000)
 Metaspace       used 167026K, capacity 177011K, committed 177988K, reserved 1206272K
  class space    used 19681K, capacity 21407K, committed 21592K, reserved 1048576K
Event: 28189.556 GC heap after
Heap after GC invocations=530 (full 58):
 par new generation   total 39296K, used 1590K [0x00000000d1200000, 0x00000000d3ca0000, 0x00000000e0c00000)
  eden space 34944K,   0% used [0x00000000d1200000, 0x00000000d1200000, 0x00000000d3420000)
  from space 4352K,  36% used [0x00000000d3420000, 0x00000000d35ada00, 0x00000000d3860000)
  to   space 4352K,   0% used [0x00000000d3860000, 0x00000000d3860000, 0x00000000d3ca0000)
 concurrent mark-sweep generation total 163540K, used 137709K [0x00000000e0c00000, 0x00000000eabb5000, 0x0000000100000000)
 Metaspace       used 167026K, capacity 177011K, committed 177988K, reserved 1206272K
  class space    used 19681K, capacity 21407K, committed 21592K, reserved 1048576K
}
Event: 31067.257 GC heap before
{Heap before GC invocations=530 (full 58):
 par new generation   total 39296K, used 36534K [0x00000000d1200000, 0x00000000d3ca0000, 0x00000000e0c00000)
  eden space 34944K, 100% used [0x00000000d1200000, 0x00000000d3420000, 0x00000000d3420000)
  from space 4352K,  36% used [0x00000000d3420000, 0x00000000d35ada00, 0x00000000d3860000)
  to   space 4352K,   0% used [0x00000000d3860000, 0x00000000d3860000, 0x00000000d3ca0000)
 concurrent mark-sweep generation total 163540K, used 137709K [0x00000000e0c00000, 0x00000000eabb5000, 0x0000000100000000)
 Metaspace       used 167084K, capacity 177159K, committed 177988K, reserved 1206272K
  class space    used 19688K, capacity 21421K, committed 21592K, reserved 1048576K
Event: 31067.263 GC heap after
Heap after GC invocations=531 (full 58):
 par new generation   total 39296K, used 1186K [0x00000000d1200000, 0x00000000d3ca0000, 0x00000000e0c00000)
  eden space 34944K,   0% used [0x00000000d1200000, 0x00000000d1200000, 0x00000000d3420000)
  from space 4352K,  27% used [0x00000000d3860000, 0x00000000d3988ae8, 0x00000000d3ca0000)
  to   space 4352K,   0% used [0x00000000d3420000, 0x00000000d3420000, 0x00000000d3860000)
 concurrent mark-sweep generation total 163540K, used 137709K [0x00000000e0c00000, 0x00000000eabb5000, 0x0000000100000000)
 Metaspace       used 167084K, capacity 177159K, committed 177988K, reserved 1206272K
  class space    used 19688K, capacity 21421K, committed 21592K, reserved 1048576K
}

